2019-04-10 09:54:43 [restartedMain] INFO  l.xuchen.testlog.TestLogApplication - Starting TestLogApplication on Ludan-de-MacBook-Pro.local with PID 21123 (/Users/ludan/Downloads/test-log/target/classes started by ludan in /Users/ludan/Downloads/test-log)
2019-04-10 09:54:43 [restartedMain] INFO  l.xuchen.testlog.TestLogApplication - No active profile set, falling back to default profiles: default
2019-04-10 09:54:43 [restartedMain] INFO  o.s.b.d.e.DevToolsPropertyDefaultsPostProcessor - Devtools property defaults active! Set 'spring.devtools.add-properties' to 'false' to disable
2019-04-10 09:54:43 [restartedMain] INFO  o.s.b.d.e.DevToolsPropertyDefaultsPostProcessor - For additional web related logging consider setting the 'logging.level.web' property to 'DEBUG'
2019-04-10 09:54:44 [restartedMain] INFO  o.s.b.w.e.tomcat.TomcatWebServer - Tomcat initialized with port(s): 8080 (http)
2019-04-10 09:54:44 [restartedMain] INFO  o.a.catalina.core.StandardService - Starting service [Tomcat]
2019-04-10 09:54:44 [restartedMain] INFO  o.a.catalina.core.StandardEngine - Starting Servlet engine: [Apache Tomcat/9.0.17]
2019-04-10 09:54:44 [restartedMain] INFO  o.a.c.c.C.[Tomcat].[localhost].[/] - Initializing Spring embedded WebApplicationContext
2019-04-10 09:54:44 [restartedMain] INFO  o.s.web.context.ContextLoader - Root WebApplicationContext: initialization completed in 1457 ms
2019-04-10 09:54:45 [restartedMain] INFO  o.s.s.c.ThreadPoolTaskExecutor - Initializing ExecutorService 'applicationTaskExecutor'
2019-04-10 09:54:45 [restartedMain] INFO  o.s.b.d.a.OptionalLiveReloadServer - LiveReload server is running on port 35729
2019-04-10 09:54:45 [restartedMain] INFO  o.s.b.w.e.tomcat.TomcatWebServer - Tomcat started on port(s): 8080 (http) with context path ''
2019-04-10 09:54:45 [restartedMain] INFO  l.xuchen.testlog.TestLogApplication - Started TestLogApplication in 2.646 seconds (JVM running for 3.447)
2019-04-10 09:58:25 [Thread-14] INFO  o.s.s.c.ThreadPoolTaskExecutor - Shutting down ExecutorService 'applicationTaskExecutor'
2019-04-10 09:58:29 [restartedMain] INFO  l.xuchen.testlog.TestLogApplication - Starting TestLogApplication on Ludan-de-MacBook-Pro.local with PID 21126 (/Users/ludan/Downloads/test-log/target/classes started by ludan in /Users/ludan/Downloads/test-log)
2019-04-10 09:58:29 [restartedMain] INFO  l.xuchen.testlog.TestLogApplication - No active profile set, falling back to default profiles: default
2019-04-10 09:58:29 [restartedMain] INFO  o.s.b.d.e.DevToolsPropertyDefaultsPostProcessor - Devtools property defaults active! Set 'spring.devtools.add-properties' to 'false' to disable
2019-04-10 09:58:29 [restartedMain] INFO  o.s.b.d.e.DevToolsPropertyDefaultsPostProcessor - For additional web related logging consider setting the 'logging.level.web' property to 'DEBUG'
2019-04-10 09:58:30 [restartedMain] INFO  o.s.b.w.e.tomcat.TomcatWebServer - Tomcat initialized with port(s): 8080 (http)
2019-04-10 09:58:30 [restartedMain] INFO  o.a.catalina.core.StandardService - Starting service [Tomcat]
2019-04-10 09:58:30 [restartedMain] INFO  o.a.catalina.core.StandardEngine - Starting Servlet engine: [Apache Tomcat/9.0.17]
2019-04-10 09:58:30 [restartedMain] INFO  o.a.c.c.C.[Tomcat].[localhost].[/] - Initializing Spring embedded WebApplicationContext
2019-04-10 09:58:30 [restartedMain] INFO  o.s.web.context.ContextLoader - Root WebApplicationContext: initialization completed in 1269 ms
2019-04-10 09:58:30 [restartedMain] INFO  o.s.s.c.ThreadPoolTaskExecutor - Initializing ExecutorService 'applicationTaskExecutor'
2019-04-10 09:58:30 [restartedMain] INFO  o.s.b.d.a.OptionalLiveReloadServer - LiveReload server is running on port 35729
2019-04-10 09:58:30 [restartedMain] INFO  o.s.b.w.e.tomcat.TomcatWebServer - Tomcat started on port(s): 8080 (http) with context path ''
2019-04-10 09:58:30 [restartedMain] INFO  l.xuchen.testlog.TestLogApplication - Started TestLogApplication in 2.286 seconds (JVM running for 3.036)
2019-04-10 09:58:50 [http-nio-8080-exec-1] INFO  o.a.c.c.C.[Tomcat].[localhost].[/] - Initializing Spring DispatcherServlet 'dispatcherServlet'
2019-04-10 09:58:50 [http-nio-8080-exec-1] INFO  o.s.web.servlet.DispatcherServlet - Initializing Servlet 'dispatcherServlet'
2019-04-10 09:58:50 [http-nio-8080-exec-1] INFO  o.s.web.servlet.DispatcherServlet - Completed initialization in 8 ms
2019-04-10 09:58:59 [http-nio-8080-exec-1] INFO  l.xuchen.testlog.service.LogService -  info ==============================================
2019-04-10 09:58:59 [http-nio-8080-exec-1] WARN  l.xuchen.testlog.service.LogService -  warn ==============================================
2019-04-10 09:59:00 [http-nio-8080-exec-2] INFO  l.xuchen.testlog.service.LogService -  info ==============================================null
2019-04-10 09:59:00 [http-nio-8080-exec-2] WARN  l.xuchen.testlog.service.LogService -  warn ==============================================null
2019-04-10 09:59:00 [http-nio-8080-exec-2] INFO  link.xuchen.testlog.aspect.LogAspect - 【返回参数 :link.xuchen.testlog.service.LogService.log2() 】：null
2019-04-10 09:59:00 [http-nio-8080-exec-1] INFO  link.xuchen.testlog.aspect.LogAspect - 【返回参数 :link.xuchen.testlog.service.LogService.log() 】：null
2019-04-10 09:59:24 [http-nio-8080-exec-4] INFO  l.xuchen.testlog.service.LogService -  info ==============================================ludan
2019-04-10 09:59:24 [http-nio-8080-exec-4] WARN  l.xuchen.testlog.service.LogService -  warn ==============================================ludan
2019-04-10 09:59:24 [http-nio-8080-exec-4] INFO  link.xuchen.testlog.aspect.LogAspect - 【返回参数 :link.xuchen.testlog.service.LogService.log2() 】：null
2019-04-10 10:01:01 [http-nio-8080-exec-7] INFO  l.xuchen.testlog.service.LogService -  info ==============================================ludan
2019-04-10 10:01:01 [http-nio-8080-exec-7] WARN  l.xuchen.testlog.service.LogService -  warn ==============================================ludan
2019-04-10 10:01:01 [http-nio-8080-exec-7] INFO  link.xuchen.testlog.aspect.LogAspect - 【返回参数 :link.xuchen.testlog.service.LogService.log2() 】：null
2019-04-10 10:01:18 [Thread-13] INFO  o.s.s.c.ThreadPoolTaskExecutor - Shutting down ExecutorService 'applicationTaskExecutor'
2019-04-10 10:01:22 [restartedMain] INFO  l.xuchen.testlog.TestLogApplication - Starting TestLogApplication on Ludan-de-MacBook-Pro.local with PID 21133 (/Users/ludan/Downloads/test-log/target/classes started by ludan in /Users/ludan/Downloads/test-log)
2019-04-10 10:01:22 [restartedMain] INFO  l.xuchen.testlog.TestLogApplication - No active profile set, falling back to default profiles: default
2019-04-10 10:01:22 [restartedMain] INFO  o.s.b.d.e.DevToolsPropertyDefaultsPostProcessor - Devtools property defaults active! Set 'spring.devtools.add-properties' to 'false' to disable
2019-04-10 10:01:22 [restartedMain] INFO  o.s.b.d.e.DevToolsPropertyDefaultsPostProcessor - For additional web related logging consider setting the 'logging.level.web' property to 'DEBUG'
2019-04-10 10:01:23 [restartedMain] INFO  o.s.b.w.e.tomcat.TomcatWebServer - Tomcat initialized with port(s): 8080 (http)
2019-04-10 10:01:23 [restartedMain] INFO  o.a.catalina.core.StandardService - Starting service [Tomcat]
2019-04-10 10:01:23 [restartedMain] INFO  o.a.catalina.core.StandardEngine - Starting Servlet engine: [Apache Tomcat/9.0.17]
2019-04-10 10:01:23 [restartedMain] INFO  o.a.c.c.C.[Tomcat].[localhost].[/] - Initializing Spring embedded WebApplicationContext
2019-04-10 10:01:23 [restartedMain] INFO  o.s.web.context.ContextLoader - Root WebApplicationContext: initialization completed in 1138 ms
2019-04-10 10:01:24 [restartedMain] INFO  o.s.s.c.ThreadPoolTaskExecutor - Initializing ExecutorService 'applicationTaskExecutor'
2019-04-10 10:01:24 [restartedMain] INFO  o.s.b.d.a.OptionalLiveReloadServer - LiveReload server is running on port 35729
2019-04-10 10:01:24 [restartedMain] INFO  o.s.b.w.e.tomcat.TomcatWebServer - Tomcat started on port(s): 8080 (http) with context path ''
2019-04-10 10:01:24 [restartedMain] INFO  l.xuchen.testlog.TestLogApplication - Started TestLogApplication in 2.137 seconds (JVM running for 2.866)
2019-04-10 10:01:28 [http-nio-8080-exec-1] INFO  o.a.c.c.C.[Tomcat].[localhost].[/] - Initializing Spring DispatcherServlet 'dispatcherServlet'
2019-04-10 10:01:28 [http-nio-8080-exec-1] INFO  o.s.web.servlet.DispatcherServlet - Initializing Servlet 'dispatcherServlet'
2019-04-10 10:01:28 [http-nio-8080-exec-1] INFO  o.s.web.servlet.DispatcherServlet - Completed initialization in 7 ms
2019-04-10 10:01:29 [http-nio-8080-exec-1] INFO  link.xuchen.testlog.aspect.LogAspect - 【请求参数 :link.xuchen.testlog.service.LogService.log2() 】：{"name":"ludan"}
2019-04-10 10:01:29 [http-nio-8080-exec-1] INFO  l.xuchen.testlog.service.LogService -  info ==============================================ludan
2019-04-10 10:01:29 [http-nio-8080-exec-1] WARN  l.xuchen.testlog.service.LogService -  warn ==============================================ludan
2019-04-10 10:01:50 [Thread-14] INFO  o.s.s.c.ThreadPoolTaskExecutor - Shutting down ExecutorService 'applicationTaskExecutor'
2019-04-10 10:01:54 [restartedMain] INFO  l.xuchen.testlog.TestLogApplication - Starting TestLogApplication on Ludan-de-MacBook-Pro.local with PID 21136 (/Users/ludan/Downloads/test-log/target/classes started by ludan in /Users/ludan/Downloads/test-log)
2019-04-10 10:01:54 [restartedMain] INFO  l.xuchen.testlog.TestLogApplication - No active profile set, falling back to default profiles: default
2019-04-10 10:01:54 [restartedMain] INFO  o.s.b.d.e.DevToolsPropertyDefaultsPostProcessor - Devtools property defaults active! Set 'spring.devtools.add-properties' to 'false' to disable
2019-04-10 10:01:54 [restartedMain] INFO  o.s.b.d.e.DevToolsPropertyDefaultsPostProcessor - For additional web related logging consider setting the 'logging.level.web' property to 'DEBUG'
2019-04-10 10:01:55 [restartedMain] INFO  o.s.b.w.e.tomcat.TomcatWebServer - Tomcat initialized with port(s): 8080 (http)
2019-04-10 10:01:55 [restartedMain] INFO  o.a.catalina.core.StandardService - Starting service [Tomcat]
2019-04-10 10:01:55 [restartedMain] INFO  o.a.catalina.core.StandardEngine - Starting Servlet engine: [Apache Tomcat/9.0.17]
2019-04-10 10:01:55 [restartedMain] INFO  o.a.c.c.C.[Tomcat].[localhost].[/] - Initializing Spring embedded WebApplicationContext
2019-04-10 10:01:55 [restartedMain] INFO  o.s.web.context.ContextLoader - Root WebApplicationContext: initialization completed in 1263 ms
2019-04-10 10:01:55 [restartedMain] INFO  o.s.s.c.ThreadPoolTaskExecutor - Initializing ExecutorService 'applicationTaskExecutor'
2019-04-10 10:01:56 [restartedMain] INFO  o.s.b.d.a.OptionalLiveReloadServer - LiveReload server is running on port 35729
2019-04-10 10:01:56 [restartedMain] INFO  o.s.b.w.e.tomcat.TomcatWebServer - Tomcat started on port(s): 8080 (http) with context path ''
2019-04-10 10:01:56 [restartedMain] INFO  l.xuchen.testlog.TestLogApplication - Started TestLogApplication in 2.248 seconds (JVM running for 2.987)
2019-04-10 10:02:00 [http-nio-8080-exec-1] INFO  o.a.c.c.C.[Tomcat].[localhost].[/] - Initializing Spring DispatcherServlet 'dispatcherServlet'
2019-04-10 10:02:00 [http-nio-8080-exec-1] INFO  o.s.web.servlet.DispatcherServlet - Initializing Servlet 'dispatcherServlet'
2019-04-10 10:02:00 [http-nio-8080-exec-1] INFO  o.s.web.servlet.DispatcherServlet - Completed initialization in 6 ms
2019-04-10 10:02:03 [http-nio-8080-exec-1] INFO  link.xuchen.testlog.aspect.LogAspect - 【请求参数 :link.xuchen.testlog.service.LogService.log2() 】：{"name":"ludan"}
2019-04-10 10:02:03 [http-nio-8080-exec-1] INFO  l.xuchen.testlog.service.LogService -  info ==============================================ludan
2019-04-10 10:02:03 [http-nio-8080-exec-1] WARN  l.xuchen.testlog.service.LogService -  warn ==============================================ludan
2019-04-10 10:02:03 [http-nio-8080-exec-1] INFO  link.xuchen.testlog.aspect.LogAspect - 【返回参数 :link.xuchen.testlog.service.LogService.log2() 】：null
2019-04-10 10:05:11 [Thread-13] INFO  o.s.s.c.ThreadPoolTaskExecutor - Shutting down ExecutorService 'applicationTaskExecutor'
2019-04-10 10:05:15 [restartedMain] INFO  l.xuchen.testlog.TestLogApplication - Starting TestLogApplication on Ludan-de-MacBook-Pro.local with PID 21139 (/Users/ludan/Downloads/test-log/target/classes started by ludan in /Users/ludan/Downloads/test-log)
2019-04-10 10:05:15 [restartedMain] INFO  l.xuchen.testlog.TestLogApplication - No active profile set, falling back to default profiles: default
2019-04-10 10:05:15 [restartedMain] INFO  o.s.b.d.e.DevToolsPropertyDefaultsPostProcessor - Devtools property defaults active! Set 'spring.devtools.add-properties' to 'false' to disable
2019-04-10 10:05:15 [restartedMain] INFO  o.s.b.d.e.DevToolsPropertyDefaultsPostProcessor - For additional web related logging consider setting the 'logging.level.web' property to 'DEBUG'
2019-04-10 10:05:16 [restartedMain] INFO  o.s.b.w.e.tomcat.TomcatWebServer - Tomcat initialized with port(s): 8080 (http)
2019-04-10 10:05:16 [restartedMain] INFO  o.a.catalina.core.StandardService - Starting service [Tomcat]
2019-04-10 10:05:16 [restartedMain] INFO  o.a.catalina.core.StandardEngine - Starting Servlet engine: [Apache Tomcat/9.0.17]
2019-04-10 10:05:16 [restartedMain] INFO  o.a.c.c.C.[Tomcat].[localhost].[/] - Initializing Spring embedded WebApplicationContext
2019-04-10 10:05:16 [restartedMain] INFO  o.s.web.context.ContextLoader - Root WebApplicationContext: initialization completed in 1253 ms
2019-04-10 10:05:16 [restartedMain] INFO  o.s.s.c.ThreadPoolTaskExecutor - Initializing ExecutorService 'applicationTaskExecutor'
2019-04-10 10:05:16 [restartedMain] INFO  o.s.b.d.a.OptionalLiveReloadServer - LiveReload server is running on port 35729
2019-04-10 10:05:16 [restartedMain] INFO  o.s.b.w.e.tomcat.TomcatWebServer - Tomcat started on port(s): 8080 (http) with context path ''
2019-04-10 10:05:16 [restartedMain] INFO  l.xuchen.testlog.TestLogApplication - Started TestLogApplication in 2.195 seconds (JVM running for 2.878)
2019-04-10 10:06:11 [http-nio-8080-exec-1] INFO  o.a.c.c.C.[Tomcat].[localhost].[/] - Initializing Spring DispatcherServlet 'dispatcherServlet'
2019-04-10 10:06:11 [http-nio-8080-exec-1] INFO  o.s.web.servlet.DispatcherServlet - Initializing Servlet 'dispatcherServlet'
2019-04-10 10:06:11 [http-nio-8080-exec-1] INFO  o.s.web.servlet.DispatcherServlet - Completed initialization in 5 ms
2019-04-10 10:06:11 [http-nio-8080-exec-1] INFO  l.xuchen.testlog.service.LogService -  info ==============================================
2019-04-10 10:06:11 [http-nio-8080-exec-1] WARN  l.xuchen.testlog.service.LogService -  warn ==============================================
2019-04-10 10:06:40 [http-nio-8080-exec-2] INFO  link.xuchen.testlog.aspect.LogAspect - 【请求参数 :link.xuchen.testlog.service.LogService.log2() 】：{"name":"ludan"}
2019-04-10 10:06:40 [http-nio-8080-exec-2] INFO  l.xuchen.testlog.service.LogService -  info ==============================================ludan
2019-04-10 10:06:40 [http-nio-8080-exec-2] WARN  l.xuchen.testlog.service.LogService -  warn ==============================================ludan
2019-04-10 10:06:40 [http-nio-8080-exec-2] INFO  link.xuchen.testlog.aspect.LogAspect - 【返回参数 :link.xuchen.testlog.service.LogService.log2() 】：null
2019-04-10 10:06:49 [http-nio-8080-exec-6] INFO  l.xuchen.testlog.service.LogService -  info ==============================================
2019-04-10 10:06:49 [http-nio-8080-exec-6] WARN  l.xuchen.testlog.service.LogService -  warn ==============================================
2019-04-10 10:08:51 [Thread-14] INFO  o.s.s.c.ThreadPoolTaskExecutor - Shutting down ExecutorService 'applicationTaskExecutor'
2019-04-10 10:08:54 [restartedMain] INFO  l.xuchen.testlog.TestLogApplication - Starting TestLogApplication on Ludan-de-MacBook-Pro.local with PID 21143 (/Users/ludan/Downloads/test-log/target/classes started by ludan in /Users/ludan/Downloads/test-log)
2019-04-10 10:08:54 [restartedMain] INFO  l.xuchen.testlog.TestLogApplication - No active profile set, falling back to default profiles: default
2019-04-10 10:08:54 [restartedMain] INFO  o.s.b.d.e.DevToolsPropertyDefaultsPostProcessor - Devtools property defaults active! Set 'spring.devtools.add-properties' to 'false' to disable
2019-04-10 10:08:54 [restartedMain] INFO  o.s.b.d.e.DevToolsPropertyDefaultsPostProcessor - For additional web related logging consider setting the 'logging.level.web' property to 'DEBUG'
2019-04-10 10:08:55 [restartedMain] INFO  o.s.b.w.e.tomcat.TomcatWebServer - Tomcat initialized with port(s): 8080 (http)
2019-04-10 10:08:55 [restartedMain] INFO  o.a.catalina.core.StandardService - Starting service [Tomcat]
2019-04-10 10:08:55 [restartedMain] INFO  o.a.catalina.core.StandardEngine - Starting Servlet engine: [Apache Tomcat/9.0.17]
2019-04-10 10:08:55 [restartedMain] INFO  o.a.c.c.C.[Tomcat].[localhost].[/] - Initializing Spring embedded WebApplicationContext
2019-04-10 10:08:55 [restartedMain] INFO  o.s.web.context.ContextLoader - Root WebApplicationContext: initialization completed in 1270 ms
2019-04-10 10:08:56 [restartedMain] INFO  o.s.s.c.ThreadPoolTaskExecutor - Initializing ExecutorService 'applicationTaskExecutor'
2019-04-10 10:08:56 [restartedMain] INFO  o.s.b.d.a.OptionalLiveReloadServer - LiveReload server is running on port 35729
2019-04-10 10:08:56 [restartedMain] INFO  o.s.b.w.e.tomcat.TomcatWebServer - Tomcat started on port(s): 8080 (http) with context path ''
2019-04-10 10:08:56 [restartedMain] INFO  l.xuchen.testlog.TestLogApplication - Started TestLogApplication in 2.26 seconds (JVM running for 2.989)
2019-04-10 10:16:25 [Thread-14] INFO  o.s.s.c.ThreadPoolTaskExecutor - Shutting down ExecutorService 'applicationTaskExecutor'
2019-04-10 10:16:29 [restartedMain] INFO  l.xuchen.testlog.TestLogApplication - Starting TestLogApplication on Ludan-de-MacBook-Pro.local with PID 21186 (/Users/ludan/Downloads/test-log/target/classes started by ludan in /Users/ludan/Downloads/test-log)
2019-04-10 10:16:29 [restartedMain] INFO  l.xuchen.testlog.TestLogApplication - No active profile set, falling back to default profiles: default
2019-04-10 10:16:29 [restartedMain] INFO  o.s.b.d.e.DevToolsPropertyDefaultsPostProcessor - Devtools property defaults active! Set 'spring.devtools.add-properties' to 'false' to disable
2019-04-10 10:16:29 [restartedMain] INFO  o.s.b.d.e.DevToolsPropertyDefaultsPostProcessor - For additional web related logging consider setting the 'logging.level.web' property to 'DEBUG'
2019-04-10 10:16:31 [restartedMain] INFO  o.s.b.w.e.tomcat.TomcatWebServer - Tomcat initialized with port(s): 8080 (http)
2019-04-10 10:16:31 [restartedMain] INFO  o.a.catalina.core.StandardService - Starting service [Tomcat]
2019-04-10 10:16:31 [restartedMain] INFO  o.a.catalina.core.StandardEngine - Starting Servlet engine: [Apache Tomcat/9.0.17]
2019-04-10 10:16:31 [restartedMain] INFO  o.a.c.c.C.[Tomcat].[localhost].[/] - Initializing Spring embedded WebApplicationContext
2019-04-10 10:16:31 [restartedMain] INFO  o.s.web.context.ContextLoader - Root WebApplicationContext: initialization completed in 2627 ms
2019-04-10 10:16:32 [restartedMain] INFO  o.s.s.c.ThreadPoolTaskExecutor - Initializing ExecutorService 'applicationTaskExecutor'
2019-04-10 10:16:32 [restartedMain] INFO  o.s.b.d.a.OptionalLiveReloadServer - LiveReload server is running on port 35729
2019-04-10 10:16:32 [restartedMain] INFO  o.s.b.w.e.tomcat.TomcatWebServer - Tomcat started on port(s): 8080 (http) with context path ''
2019-04-10 10:16:32 [restartedMain] INFO  l.xuchen.testlog.TestLogApplication - Started TestLogApplication in 3.841 seconds (JVM running for 4.607)
2019-04-10 10:16:48 [http-nio-8080-exec-1] INFO  o.a.c.c.C.[Tomcat].[localhost].[/] - Initializing Spring DispatcherServlet 'dispatcherServlet'
2019-04-10 10:16:48 [http-nio-8080-exec-1] INFO  o.s.web.servlet.DispatcherServlet - Initializing Servlet 'dispatcherServlet'
2019-04-10 10:16:48 [http-nio-8080-exec-1] INFO  o.s.web.servlet.DispatcherServlet - Completed initialization in 5 ms
2019-04-10 10:16:48 [http-nio-8080-exec-1] ERROR o.a.c.c.C.[.[.[.[dispatcherServlet] - Servlet.service() for servlet [dispatcherServlet] in context with path [] threw exception [Request processing failed; nested exception is java.lang.IllegalStateException: Optional int parameter 'age' is present but cannot be translated into a null value due to being declared as a primitive type. Consider declaring it as object wrapper for the corresponding primitive type.] with root cause
java.lang.IllegalStateException: Optional int parameter 'age' is present but cannot be translated into a null value due to being declared as a primitive type. Consider declaring it as object wrapper for the corresponding primitive type.
	at org.springframework.web.method.annotation.AbstractNamedValueMethodArgumentResolver.handleNullValue(AbstractNamedValueMethodArgumentResolver.java:245)
	at org.springframework.web.method.annotation.AbstractNamedValueMethodArgumentResolver.resolveArgument(AbstractNamedValueMethodArgumentResolver.java:115)
	at org.springframework.web.method.support.HandlerMethodArgumentResolverComposite.resolveArgument(HandlerMethodArgumentResolverComposite.java:126)
	at org.springframework.web.method.support.InvocableHandlerMethod.getMethodArgumentValues(InvocableHandlerMethod.java:166)
	at org.springframework.web.method.support.InvocableHandlerMethod.invokeForRequest(InvocableHandlerMethod.java:134)
	at org.springframework.web.servlet.mvc.method.annotation.ServletInvocableHandlerMethod.invokeAndHandle(ServletInvocableHandlerMethod.java:102)
	at org.springframework.web.servlet.mvc.method.annotation.RequestMappingHandlerAdapter.invokeHandlerMethod(RequestMappingHandlerAdapter.java:892)
	at org.springframework.web.servlet.mvc.method.annotation.RequestMappingHandlerAdapter.handleInternal(RequestMappingHandlerAdapter.java:797)
	at org.springframework.web.servlet.mvc.method.AbstractHandlerMethodAdapter.handle(AbstractHandlerMethodAdapter.java:87)
	at org.springframework.web.servlet.DispatcherServlet.doDispatch(DispatcherServlet.java:1038)
	at org.springframework.web.servlet.DispatcherServlet.doService(DispatcherServlet.java:942)
	at org.springframework.web.servlet.FrameworkServlet.processRequest(FrameworkServlet.java:1005)
	at org.springframework.web.servlet.FrameworkServlet.doGet(FrameworkServlet.java:897)
	at javax.servlet.http.HttpServlet.service(HttpServlet.java:634)
	at org.springframework.web.servlet.FrameworkServlet.service(FrameworkServlet.java:882)
	at javax.servlet.http.HttpServlet.service(HttpServlet.java:741)
	at org.apache.catalina.core.ApplicationFilterChain.internalDoFilter(ApplicationFilterChain.java:231)
	at org.apache.catalina.core.ApplicationFilterChain.doFilter(ApplicationFilterChain.java:166)
	at org.apache.tomcat.websocket.server.WsFilter.doFilter(WsFilter.java:53)
	at org.apache.catalina.core.ApplicationFilterChain.internalDoFilter(ApplicationFilterChain.java:193)
	at org.apache.catalina.core.ApplicationFilterChain.doFilter(ApplicationFilterChain.java:166)
	at link.xuchen.testlog.filter.RequestIdFilter.doFilter(RequestIdFilter.java:31)
	at org.apache.catalina.core.ApplicationFilterChain.internalDoFilter(ApplicationFilterChain.java:193)
	at org.apache.catalina.core.ApplicationFilterChain.doFilter(ApplicationFilterChain.java:166)
	at org.springframework.web.filter.RequestContextFilter.doFilterInternal(RequestContextFilter.java:99)
	at org.springframework.web.filter.OncePerRequestFilter.doFilter(OncePerRequestFilter.java:107)
	at org.apache.catalina.core.ApplicationFilterChain.internalDoFilter(ApplicationFilterChain.java:193)
	at org.apache.catalina.core.ApplicationFilterChain.doFilter(ApplicationFilterChain.java:166)
	at org.springframework.web.filter.FormContentFilter.doFilterInternal(FormContentFilter.java:92)
	at org.springframework.web.filter.OncePerRequestFilter.doFilter(OncePerRequestFilter.java:107)
	at org.apache.catalina.core.ApplicationFilterChain.internalDoFilter(ApplicationFilterChain.java:193)
	at org.apache.catalina.core.ApplicationFilterChain.doFilter(ApplicationFilterChain.java:166)
	at org.springframework.web.filter.HiddenHttpMethodFilter.doFilterInternal(HiddenHttpMethodFilter.java:93)
	at org.springframework.web.filter.OncePerRequestFilter.doFilter(OncePerRequestFilter.java:107)
	at org.apache.catalina.core.ApplicationFilterChain.internalDoFilter(ApplicationFilterChain.java:193)
	at org.apache.catalina.core.ApplicationFilterChain.doFilter(ApplicationFilterChain.java:166)
	at org.springframework.web.filter.CharacterEncodingFilter.doFilterInternal(CharacterEncodingFilter.java:200)
	at org.springframework.web.filter.OncePerRequestFilter.doFilter(OncePerRequestFilter.java:107)
	at org.apache.catalina.core.ApplicationFilterChain.internalDoFilter(ApplicationFilterChain.java:193)
	at org.apache.catalina.core.ApplicationFilterChain.doFilter(ApplicationFilterChain.java:166)
	at org.apache.catalina.core.StandardWrapperValve.invoke(StandardWrapperValve.java:200)
	at org.apache.catalina.core.StandardContextValve.invoke(StandardContextValve.java:96)
	at org.apache.catalina.authenticator.AuthenticatorBase.invoke(AuthenticatorBase.java:490)
	at org.apache.catalina.core.StandardHostValve.invoke(StandardHostValve.java:139)
	at org.apache.catalina.valves.ErrorReportValve.invoke(ErrorReportValve.java:92)
	at org.apache.catalina.core.StandardEngineValve.invoke(StandardEngineValve.java:74)
	at org.apache.catalina.connector.CoyoteAdapter.service(CoyoteAdapter.java:343)
	at org.apache.coyote.http11.Http11Processor.service(Http11Processor.java:408)
	at org.apache.coyote.AbstractProcessorLight.process(AbstractProcessorLight.java:66)
	at org.apache.coyote.AbstractProtocol$ConnectionHandler.process(AbstractProtocol.java:834)
	at org.apache.tomcat.util.net.NioEndpoint$SocketProcessor.doRun(NioEndpoint.java:1415)
	at org.apache.tomcat.util.net.SocketProcessorBase.run(SocketProcessorBase.java:49)
	at java.util.concurrent.ThreadPoolExecutor.runWorker(ThreadPoolExecutor.java:1149)
	at java.util.concurrent.ThreadPoolExecutor$Worker.run(ThreadPoolExecutor.java:624)
	at org.apache.tomcat.util.threads.TaskThread$WrappingRunnable.run(TaskThread.java:61)
	at java.lang.Thread.run(Thread.java:748)
2019-04-10 10:16:55 [http-nio-8080-exec-3] INFO  l.xuchen.testlog.service.LogService -  info ==============================================ludan1
2019-04-10 10:16:55 [http-nio-8080-exec-3] WARN  l.xuchen.testlog.service.LogService -  warn ==============================================ludan1
2019-04-10 10:17:45 [Thread-16] INFO  o.s.s.c.ThreadPoolTaskExecutor - Shutting down ExecutorService 'applicationTaskExecutor'
2019-04-10 10:17:49 [restartedMain] INFO  l.xuchen.testlog.TestLogApplication - Starting TestLogApplication on Ludan-de-MacBook-Pro.local with PID 21190 (/Users/ludan/Downloads/test-log/target/classes started by ludan in /Users/ludan/Downloads/test-log)
2019-04-10 10:17:49 [restartedMain] INFO  l.xuchen.testlog.TestLogApplication - No active profile set, falling back to default profiles: default
2019-04-10 10:17:49 [restartedMain] INFO  o.s.b.d.e.DevToolsPropertyDefaultsPostProcessor - Devtools property defaults active! Set 'spring.devtools.add-properties' to 'false' to disable
2019-04-10 10:17:49 [restartedMain] INFO  o.s.b.d.e.DevToolsPropertyDefaultsPostProcessor - For additional web related logging consider setting the 'logging.level.web' property to 'DEBUG'
2019-04-10 10:17:50 [restartedMain] INFO  o.s.b.w.e.tomcat.TomcatWebServer - Tomcat initialized with port(s): 8080 (http)
2019-04-10 10:17:50 [restartedMain] INFO  o.a.catalina.core.StandardService - Starting service [Tomcat]
2019-04-10 10:17:50 [restartedMain] INFO  o.a.catalina.core.StandardEngine - Starting Servlet engine: [Apache Tomcat/9.0.17]
2019-04-10 10:17:50 [restartedMain] INFO  o.a.c.c.C.[Tomcat].[localhost].[/] - Initializing Spring embedded WebApplicationContext
2019-04-10 10:17:50 [restartedMain] INFO  o.s.web.context.ContextLoader - Root WebApplicationContext: initialization completed in 1260 ms
2019-04-10 10:17:50 [restartedMain] INFO  o.s.s.c.ThreadPoolTaskExecutor - Initializing ExecutorService 'applicationTaskExecutor'
2019-04-10 10:17:50 [restartedMain] INFO  o.s.b.d.a.OptionalLiveReloadServer - LiveReload server is running on port 35729
2019-04-10 10:17:50 [restartedMain] INFO  o.s.b.w.e.tomcat.TomcatWebServer - Tomcat started on port(s): 8080 (http) with context path ''
2019-04-10 10:17:50 [restartedMain] INFO  l.xuchen.testlog.TestLogApplication - Started TestLogApplication in 2.295 seconds (JVM running for 3.018)
2019-04-10 10:18:05 [http-nio-8080-exec-1] INFO  o.a.c.c.C.[Tomcat].[localhost].[/] - Initializing Spring DispatcherServlet 'dispatcherServlet'
2019-04-10 10:18:05 [http-nio-8080-exec-1] INFO  o.s.web.servlet.DispatcherServlet - Initializing Servlet 'dispatcherServlet'
2019-04-10 10:18:05 [http-nio-8080-exec-1] INFO  o.s.web.servlet.DispatcherServlet - Completed initialization in 5 ms
2019-04-10 10:18:05 [http-nio-8080-exec-1] INFO  l.xuchen.testlog.service.LogService -  info ==============================================ludan1
2019-04-10 10:18:05 [http-nio-8080-exec-1] WARN  l.xuchen.testlog.service.LogService -  warn ==============================================ludan1
2019-04-10 10:18:30 [Thread-13] INFO  o.s.s.c.ThreadPoolTaskExecutor - Shutting down ExecutorService 'applicationTaskExecutor'
2019-04-10 10:18:34 [restartedMain] INFO  l.xuchen.testlog.TestLogApplication - Starting TestLogApplication on Ludan-de-MacBook-Pro.local with PID 21194 (/Users/ludan/Downloads/test-log/target/classes started by ludan in /Users/ludan/Downloads/test-log)
2019-04-10 10:18:34 [restartedMain] INFO  l.xuchen.testlog.TestLogApplication - No active profile set, falling back to default profiles: default
2019-04-10 10:18:34 [restartedMain] INFO  o.s.b.d.e.DevToolsPropertyDefaultsPostProcessor - Devtools property defaults active! Set 'spring.devtools.add-properties' to 'false' to disable
2019-04-10 10:18:34 [restartedMain] INFO  o.s.b.d.e.DevToolsPropertyDefaultsPostProcessor - For additional web related logging consider setting the 'logging.level.web' property to 'DEBUG'
2019-04-10 10:18:35 [restartedMain] INFO  o.s.b.w.e.tomcat.TomcatWebServer - Tomcat initialized with port(s): 8080 (http)
2019-04-10 10:18:35 [restartedMain] INFO  o.a.catalina.core.StandardService - Starting service [Tomcat]
2019-04-10 10:18:35 [restartedMain] INFO  o.a.catalina.core.StandardEngine - Starting Servlet engine: [Apache Tomcat/9.0.17]
2019-04-10 10:18:35 [restartedMain] INFO  o.a.c.c.C.[Tomcat].[localhost].[/] - Initializing Spring embedded WebApplicationContext
2019-04-10 10:18:35 [restartedMain] INFO  o.s.web.context.ContextLoader - Root WebApplicationContext: initialization completed in 1464 ms
2019-04-10 10:18:36 [restartedMain] INFO  o.s.s.c.ThreadPoolTaskExecutor - Initializing ExecutorService 'applicationTaskExecutor'
2019-04-10 10:18:36 [restartedMain] INFO  o.s.b.d.a.OptionalLiveReloadServer - LiveReload server is running on port 35729
2019-04-10 10:18:36 [restartedMain] INFO  o.s.b.w.e.tomcat.TomcatWebServer - Tomcat started on port(s): 8080 (http) with context path ''
2019-04-10 10:18:36 [restartedMain] INFO  l.xuchen.testlog.TestLogApplication - Started TestLogApplication in 2.552 seconds (JVM running for 3.406)
2019-04-10 10:18:39 [http-nio-8080-exec-1] INFO  o.a.c.c.C.[Tomcat].[localhost].[/] - Initializing Spring DispatcherServlet 'dispatcherServlet'
2019-04-10 10:18:39 [http-nio-8080-exec-1] INFO  o.s.web.servlet.DispatcherServlet - Initializing Servlet 'dispatcherServlet'
2019-04-10 10:18:39 [http-nio-8080-exec-1] INFO  o.s.web.servlet.DispatcherServlet - Completed initialization in 6 ms
2019-04-10 10:18:39 [http-nio-8080-exec-1] INFO  l.xuchen.testlog.service.LogService -  info ==============================================ludan1
2019-04-10 10:18:39 [http-nio-8080-exec-1] WARN  l.xuchen.testlog.service.LogService -  warn ==============================================ludan1
2019-04-10 10:18:40 [http-nio-8080-exec-2] INFO  l.xuchen.testlog.service.LogService -  info ==============================================ludan1
2019-04-10 10:18:40 [http-nio-8080-exec-2] WARN  l.xuchen.testlog.service.LogService -  warn ==============================================ludan1
2019-04-10 10:19:54 [Thread-15] INFO  o.s.s.c.ThreadPoolTaskExecutor - Shutting down ExecutorService 'applicationTaskExecutor'
2019-04-10 10:19:58 [restartedMain] INFO  l.xuchen.testlog.TestLogApplication - Starting TestLogApplication on Ludan-de-MacBook-Pro.local with PID 21199 (/Users/ludan/Downloads/test-log/target/classes started by ludan in /Users/ludan/Downloads/test-log)
2019-04-10 10:19:58 [restartedMain] INFO  l.xuchen.testlog.TestLogApplication - No active profile set, falling back to default profiles: default
2019-04-10 10:19:58 [restartedMain] INFO  o.s.b.d.e.DevToolsPropertyDefaultsPostProcessor - Devtools property defaults active! Set 'spring.devtools.add-properties' to 'false' to disable
2019-04-10 10:19:58 [restartedMain] INFO  o.s.b.d.e.DevToolsPropertyDefaultsPostProcessor - For additional web related logging consider setting the 'logging.level.web' property to 'DEBUG'
2019-04-10 10:20:00 [restartedMain] INFO  o.s.b.w.e.tomcat.TomcatWebServer - Tomcat initialized with port(s): 8080 (http)
2019-04-10 10:20:00 [restartedMain] INFO  o.a.catalina.core.StandardService - Starting service [Tomcat]
2019-04-10 10:20:00 [restartedMain] INFO  o.a.catalina.core.StandardEngine - Starting Servlet engine: [Apache Tomcat/9.0.17]
2019-04-10 10:20:00 [restartedMain] INFO  o.a.c.c.C.[Tomcat].[localhost].[/] - Initializing Spring embedded WebApplicationContext
2019-04-10 10:20:00 [restartedMain] INFO  o.s.web.context.ContextLoader - Root WebApplicationContext: initialization completed in 1653 ms
2019-04-10 10:20:00 [restartedMain] INFO  o.s.s.c.ThreadPoolTaskExecutor - Initializing ExecutorService 'applicationTaskExecutor'
2019-04-10 10:20:00 [restartedMain] INFO  o.s.b.d.a.OptionalLiveReloadServer - LiveReload server is running on port 35729
2019-04-10 10:20:00 [restartedMain] INFO  o.s.b.w.e.tomcat.TomcatWebServer - Tomcat started on port(s): 8080 (http) with context path ''
2019-04-10 10:20:00 [restartedMain] INFO  l.xuchen.testlog.TestLogApplication - Started TestLogApplication in 3.293 seconds (JVM running for 4.054)
2019-04-10 10:20:06 [http-nio-8080-exec-1] INFO  o.a.c.c.C.[Tomcat].[localhost].[/] - Initializing Spring DispatcherServlet 'dispatcherServlet'
2019-04-10 10:20:06 [http-nio-8080-exec-1] INFO  o.s.web.servlet.DispatcherServlet - Initializing Servlet 'dispatcherServlet'
2019-04-10 10:20:06 [http-nio-8080-exec-1] INFO  o.s.web.servlet.DispatcherServlet - Completed initialization in 6 ms
2019-04-10 10:20:06 [http-nio-8080-exec-1] INFO  l.xuchen.testlog.service.LogService -  info ==============================================ludan1
2019-04-10 10:20:06 [http-nio-8080-exec-1] WARN  l.xuchen.testlog.service.LogService -  warn ==============================================ludan1
2019-04-10 10:20:09 [http-nio-8080-exec-3] INFO  l.xuchen.testlog.service.LogService -  info ==============================================
2019-04-10 10:20:09 [http-nio-8080-exec-3] WARN  l.xuchen.testlog.service.LogService -  warn ==============================================
2019-04-10 10:20:22 [http-nio-8080-exec-5] INFO  l.xuchen.testlog.service.LogService -  info ==============================================
2019-04-10 10:20:22 [http-nio-8080-exec-5] WARN  l.xuchen.testlog.service.LogService -  warn ==============================================
2019-04-10 10:20:29 [http-nio-8080-exec-7] INFO  l.xuchen.testlog.service.LogService -  info ==============================================
2019-04-10 10:20:29 [http-nio-8080-exec-7] WARN  l.xuchen.testlog.service.LogService -  warn ==============================================
2019-04-10 10:20:37 [http-nio-8080-exec-9] INFO  l.xuchen.testlog.service.LogService -  info ==============================================
2019-04-10 10:20:37 [http-nio-8080-exec-9] WARN  l.xuchen.testlog.service.LogService -  warn ==============================================
2019-04-10 10:20:37 [http-nio-8080-exec-2] INFO  l.xuchen.testlog.service.LogService -  info ==============================================
2019-04-10 10:20:37 [http-nio-8080-exec-2] WARN  l.xuchen.testlog.service.LogService -  warn ==============================================
2019-04-10 10:20:37 [http-nio-8080-exec-4] INFO  l.xuchen.testlog.service.LogService -  info ==============================================
2019-04-10 10:20:37 [http-nio-8080-exec-4] WARN  l.xuchen.testlog.service.LogService -  warn ==============================================
2019-04-10 10:20:38 [http-nio-8080-exec-6] INFO  l.xuchen.testlog.service.LogService -  info ==============================================
2019-04-10 10:20:38 [http-nio-8080-exec-6] WARN  l.xuchen.testlog.service.LogService -  warn ==============================================
2019-04-10 10:20:38 [http-nio-8080-exec-8] INFO  l.xuchen.testlog.service.LogService -  info ==============================================
2019-04-10 10:20:38 [http-nio-8080-exec-8] WARN  l.xuchen.testlog.service.LogService -  warn ==============================================
2019-04-10 10:20:38 [http-nio-8080-exec-9] INFO  l.xuchen.testlog.service.LogService -  info ==============================================
2019-04-10 10:20:38 [http-nio-8080-exec-9] WARN  l.xuchen.testlog.service.LogService -  warn ==============================================
2019-04-10 10:23:01 [Thread-15] INFO  o.s.s.c.ThreadPoolTaskExecutor - Shutting down ExecutorService 'applicationTaskExecutor'
2019-04-10 10:27:56 [restartedMain] INFO  l.xuchen.testlog.TestLogApplication - Starting TestLogApplication on Ludan-de-MacBook-Pro.local with PID 21210 (/Users/ludan/Downloads/test-log/target/classes started by ludan in /Users/ludan/Downloads/test-log)
2019-04-10 10:27:56 [restartedMain] INFO  l.xuchen.testlog.TestLogApplication - No active profile set, falling back to default profiles: default
2019-04-10 10:27:56 [restartedMain] INFO  o.s.b.d.e.DevToolsPropertyDefaultsPostProcessor - Devtools property defaults active! Set 'spring.devtools.add-properties' to 'false' to disable
2019-04-10 10:27:56 [restartedMain] INFO  o.s.b.d.e.DevToolsPropertyDefaultsPostProcessor - For additional web related logging consider setting the 'logging.level.web' property to 'DEBUG'
2019-04-10 10:27:57 [restartedMain] INFO  o.s.b.w.e.tomcat.TomcatWebServer - Tomcat initialized with port(s): 8080 (http)
2019-04-10 10:27:57 [restartedMain] INFO  o.a.catalina.core.StandardService - Starting service [Tomcat]
2019-04-10 10:27:57 [restartedMain] INFO  o.a.catalina.core.StandardEngine - Starting Servlet engine: [Apache Tomcat/9.0.17]
2019-04-10 10:27:57 [restartedMain] INFO  o.a.c.c.C.[Tomcat].[localhost].[/] - Initializing Spring embedded WebApplicationContext
2019-04-10 10:27:57 [restartedMain] INFO  o.s.web.context.ContextLoader - Root WebApplicationContext: initialization completed in 1206 ms
2019-04-10 10:27:58 [restartedMain] INFO  o.s.s.c.ThreadPoolTaskExecutor - Initializing ExecutorService 'applicationTaskExecutor'
2019-04-10 10:27:58 [restartedMain] INFO  o.s.b.d.a.OptionalLiveReloadServer - LiveReload server is running on port 35729
2019-04-10 10:27:58 [restartedMain] INFO  o.s.b.w.e.tomcat.TomcatWebServer - Tomcat started on port(s): 8080 (http) with context path ''
2019-04-10 10:27:58 [restartedMain] INFO  l.xuchen.testlog.TestLogApplication - Started TestLogApplication in 2.301 seconds (JVM running for 3.063)
2019-04-10 10:28:05 [http-nio-8080-exec-2] INFO  o.a.c.c.C.[Tomcat].[localhost].[/] - Initializing Spring DispatcherServlet 'dispatcherServlet'
2019-04-10 10:28:05 [http-nio-8080-exec-2] INFO  o.s.web.servlet.DispatcherServlet - Initializing Servlet 'dispatcherServlet'
2019-04-10 10:28:05 [http-nio-8080-exec-2] INFO  o.s.web.servlet.DispatcherServlet - Completed initialization in 5 ms
2019-04-10 10:28:10 [http-nio-8080-exec-2] INFO  l.xuchen.testlog.service.LogService -  info ==============================================
2019-04-10 10:28:10 [http-nio-8080-exec-2] WARN  l.xuchen.testlog.service.LogService -  warn ==============================================
2019-04-10 10:29:41 [Thread-13] INFO  o.s.s.c.ThreadPoolTaskExecutor - Shutting down ExecutorService 'applicationTaskExecutor'
2019-04-10 10:29:45 [restartedMain] INFO  l.xuchen.testlog.TestLogApplication - Starting TestLogApplication on Ludan-de-MacBook-Pro.local with PID 21229 (/Users/ludan/Downloads/test-log/target/classes started by ludan in /Users/ludan/Downloads/test-log)
2019-04-10 10:29:45 [restartedMain] INFO  l.xuchen.testlog.TestLogApplication - No active profile set, falling back to default profiles: default
2019-04-10 10:29:45 [restartedMain] INFO  o.s.b.d.e.DevToolsPropertyDefaultsPostProcessor - Devtools property defaults active! Set 'spring.devtools.add-properties' to 'false' to disable
2019-04-10 10:29:45 [restartedMain] INFO  o.s.b.d.e.DevToolsPropertyDefaultsPostProcessor - For additional web related logging consider setting the 'logging.level.web' property to 'DEBUG'
2019-04-10 10:29:46 [restartedMain] INFO  o.s.b.w.e.tomcat.TomcatWebServer - Tomcat initialized with port(s): 8080 (http)
2019-04-10 10:29:46 [restartedMain] INFO  o.a.catalina.core.StandardService - Starting service [Tomcat]
2019-04-10 10:29:46 [restartedMain] INFO  o.a.catalina.core.StandardEngine - Starting Servlet engine: [Apache Tomcat/9.0.17]
2019-04-10 10:29:46 [restartedMain] INFO  o.a.c.c.C.[Tomcat].[localhost].[/] - Initializing Spring embedded WebApplicationContext
2019-04-10 10:29:46 [restartedMain] INFO  o.s.web.context.ContextLoader - Root WebApplicationContext: initialization completed in 1209 ms
2019-04-10 10:29:46 [restartedMain] INFO  o.s.s.c.ThreadPoolTaskExecutor - Initializing ExecutorService 'applicationTaskExecutor'
2019-04-10 10:29:46 [restartedMain] INFO  o.s.b.d.a.OptionalLiveReloadServer - LiveReload server is running on port 35729
2019-04-10 10:29:46 [restartedMain] INFO  o.s.b.w.e.tomcat.TomcatWebServer - Tomcat started on port(s): 8080 (http) with context path ''
2019-04-10 10:29:46 [restartedMain] INFO  l.xuchen.testlog.TestLogApplication - Started TestLogApplication in 2.232 seconds (JVM running for 2.996)
2019-04-10 10:29:55 [http-nio-8080-exec-1] INFO  o.a.c.c.C.[Tomcat].[localhost].[/] - Initializing Spring DispatcherServlet 'dispatcherServlet'
2019-04-10 10:29:55 [http-nio-8080-exec-1] INFO  o.s.web.servlet.DispatcherServlet - Initializing Servlet 'dispatcherServlet'
2019-04-10 10:29:55 [http-nio-8080-exec-1] INFO  o.s.web.servlet.DispatcherServlet - Completed initialization in 9 ms
2019-04-10 10:29:58 [http-nio-8080-exec-1] INFO  l.xuchen.testlog.service.LogService -  info ==============================================ludan1
2019-04-10 10:29:58 [http-nio-8080-exec-1] WARN  l.xuchen.testlog.service.LogService -  warn ==============================================ludan1
2019-04-10 10:30:26 [Thread-14] INFO  o.s.s.c.ThreadPoolTaskExecutor - Shutting down ExecutorService 'applicationTaskExecutor'
2019-04-10 10:30:26 [Thread-14] INFO  l.x.testlog.filter.RequestIdFilter - 执行destroy
2019-04-10 10:30:30 [restartedMain] INFO  l.xuchen.testlog.TestLogApplication - Starting TestLogApplication on Ludan-de-MacBook-Pro.local with PID 21237 (/Users/ludan/Downloads/test-log/target/classes started by ludan in /Users/ludan/Downloads/test-log)
2019-04-10 10:30:30 [restartedMain] INFO  l.xuchen.testlog.TestLogApplication - No active profile set, falling back to default profiles: default
2019-04-10 10:30:30 [restartedMain] INFO  o.s.b.d.e.DevToolsPropertyDefaultsPostProcessor - Devtools property defaults active! Set 'spring.devtools.add-properties' to 'false' to disable
2019-04-10 10:30:30 [restartedMain] INFO  o.s.b.d.e.DevToolsPropertyDefaultsPostProcessor - For additional web related logging consider setting the 'logging.level.web' property to 'DEBUG'
2019-04-10 10:30:31 [restartedMain] INFO  o.s.b.w.e.tomcat.TomcatWebServer - Tomcat initialized with port(s): 8080 (http)
2019-04-10 10:30:31 [restartedMain] INFO  o.a.catalina.core.StandardService - Starting service [Tomcat]
2019-04-10 10:30:31 [restartedMain] INFO  o.a.catalina.core.StandardEngine - Starting Servlet engine: [Apache Tomcat/9.0.17]
2019-04-10 10:30:31 [restartedMain] INFO  o.a.c.c.C.[Tomcat].[localhost].[/] - Initializing Spring embedded WebApplicationContext
2019-04-10 10:30:31 [restartedMain] INFO  o.s.web.context.ContextLoader - Root WebApplicationContext: initialization completed in 1292 ms
2019-04-10 10:30:31 [restartedMain] INFO  o.s.s.c.ThreadPoolTaskExecutor - Initializing ExecutorService 'applicationTaskExecutor'
2019-04-10 10:30:32 [restartedMain] INFO  o.s.b.d.a.OptionalLiveReloadServer - LiveReload server is running on port 35729
2019-04-10 10:30:32 [restartedMain] INFO  o.s.b.w.e.tomcat.TomcatWebServer - Tomcat started on port(s): 8080 (http) with context path ''
2019-04-10 10:30:32 [restartedMain] INFO  l.xuchen.testlog.TestLogApplication - Started TestLogApplication in 2.315 seconds (JVM running for 3.083)
2019-04-10 10:30:35 [http-nio-8080-exec-1] INFO  o.a.c.c.C.[Tomcat].[localhost].[/] - Initializing Spring DispatcherServlet 'dispatcherServlet'
2019-04-10 10:30:35 [http-nio-8080-exec-1] INFO  o.s.web.servlet.DispatcherServlet - Initializing Servlet 'dispatcherServlet'
2019-04-10 10:30:35 [http-nio-8080-exec-1] INFO  o.s.web.servlet.DispatcherServlet - Completed initialization in 5 ms
2019-04-10 10:30:35 [http-nio-8080-exec-1] INFO  l.xuchen.testlog.service.LogService -  info ==============================================ludan1
2019-04-10 10:30:35 [http-nio-8080-exec-1] WARN  l.xuchen.testlog.service.LogService -  warn ==============================================ludan1
2019-04-10 10:31:29 [Thread-13] INFO  o.s.s.c.ThreadPoolTaskExecutor - Shutting down ExecutorService 'applicationTaskExecutor'
2019-04-10 10:31:29 [Thread-13] INFO  l.x.testlog.filter.RequestIdFilter - 执行destroy
2019-04-10 10:31:33 [restartedMain] INFO  l.xuchen.testlog.TestLogApplication - Starting TestLogApplication on Ludan-de-MacBook-Pro.local with PID 21242 (/Users/ludan/Downloads/test-log/target/classes started by ludan in /Users/ludan/Downloads/test-log)
2019-04-10 10:31:33 [restartedMain] INFO  l.xuchen.testlog.TestLogApplication - No active profile set, falling back to default profiles: default
2019-04-10 10:31:33 [restartedMain] INFO  o.s.b.d.e.DevToolsPropertyDefaultsPostProcessor - Devtools property defaults active! Set 'spring.devtools.add-properties' to 'false' to disable
2019-04-10 10:31:33 [restartedMain] INFO  o.s.b.d.e.DevToolsPropertyDefaultsPostProcessor - For additional web related logging consider setting the 'logging.level.web' property to 'DEBUG'
2019-04-10 10:31:34 [restartedMain] INFO  o.s.b.w.e.tomcat.TomcatWebServer - Tomcat initialized with port(s): 8080 (http)
2019-04-10 10:31:34 [restartedMain] INFO  o.a.catalina.core.StandardService - Starting service [Tomcat]
2019-04-10 10:31:34 [restartedMain] INFO  o.a.catalina.core.StandardEngine - Starting Servlet engine: [Apache Tomcat/9.0.17]
2019-04-10 10:31:34 [restartedMain] INFO  o.a.c.c.C.[Tomcat].[localhost].[/] - Initializing Spring embedded WebApplicationContext
2019-04-10 10:31:34 [restartedMain] INFO  o.s.web.context.ContextLoader - Root WebApplicationContext: initialization completed in 1383 ms
2019-04-10 10:31:34 [restartedMain] INFO  l.x.testlog.filter.RequestIdFilter - init
2019-04-10 10:31:34 [restartedMain] INFO  o.s.s.c.ThreadPoolTaskExecutor - Initializing ExecutorService 'applicationTaskExecutor'
2019-04-10 10:31:35 [restartedMain] INFO  o.s.b.d.a.OptionalLiveReloadServer - LiveReload server is running on port 35729
2019-04-10 10:31:35 [restartedMain] INFO  o.s.b.w.e.tomcat.TomcatWebServer - Tomcat started on port(s): 8080 (http) with context path ''
2019-04-10 10:31:35 [restartedMain] INFO  l.xuchen.testlog.TestLogApplication - Started TestLogApplication in 2.393 seconds (JVM running for 3.173)
2019-04-10 10:31:42 [http-nio-8080-exec-1] INFO  o.a.c.c.C.[Tomcat].[localhost].[/] - Initializing Spring DispatcherServlet 'dispatcherServlet'
2019-04-10 10:31:42 [http-nio-8080-exec-1] INFO  o.s.web.servlet.DispatcherServlet - Initializing Servlet 'dispatcherServlet'
2019-04-10 10:31:42 [http-nio-8080-exec-1] INFO  o.s.web.servlet.DispatcherServlet - Completed initialization in 5 ms
2019-04-10 10:31:42 [http-nio-8080-exec-1] INFO  l.xuchen.testlog.service.LogService -  info ==============================================ludan1
2019-04-10 10:31:42 [http-nio-8080-exec-1] WARN  l.xuchen.testlog.service.LogService -  warn ==============================================ludan1
2019-04-10 10:32:17 [http-nio-8080-exec-3] INFO  l.xuchen.testlog.service.LogService -  info ==============================================
2019-04-10 10:32:17 [http-nio-8080-exec-3] WARN  l.xuchen.testlog.service.LogService -  warn ==============================================
2019-04-10 10:32:17 [http-nio-8080-exec-3] INFO  link.xuchen.testlog.aspect.LogAspect - 【返回参数 :link.xuchen.testlog.service.LogService.log() 】：null
2019-04-10 10:32:36 [http-nio-8080-exec-7] ERROR o.a.c.c.C.[.[.[.[dispatcherServlet] - Servlet.service() for servlet [dispatcherServlet] in context with path [] threw exception [Request processing failed; nested exception is java.lang.IllegalStateException: Optional int parameter 'age' is present but cannot be translated into a null value due to being declared as a primitive type. Consider declaring it as object wrapper for the corresponding primitive type.] with root cause
java.lang.IllegalStateException: Optional int parameter 'age' is present but cannot be translated into a null value due to being declared as a primitive type. Consider declaring it as object wrapper for the corresponding primitive type.
	at org.springframework.web.method.annotation.AbstractNamedValueMethodArgumentResolver.handleNullValue(AbstractNamedValueMethodArgumentResolver.java:245)
	at org.springframework.web.method.annotation.AbstractNamedValueMethodArgumentResolver.resolveArgument(AbstractNamedValueMethodArgumentResolver.java:115)
	at org.springframework.web.method.support.HandlerMethodArgumentResolverComposite.resolveArgument(HandlerMethodArgumentResolverComposite.java:126)
	at org.springframework.web.method.support.InvocableHandlerMethod.getMethodArgumentValues(InvocableHandlerMethod.java:166)
	at org.springframework.web.method.support.InvocableHandlerMethod.invokeForRequest(InvocableHandlerMethod.java:134)
	at org.springframework.web.servlet.mvc.method.annotation.ServletInvocableHandlerMethod.invokeAndHandle(ServletInvocableHandlerMethod.java:102)
	at org.springframework.web.servlet.mvc.method.annotation.RequestMappingHandlerAdapter.invokeHandlerMethod(RequestMappingHandlerAdapter.java:892)
	at org.springframework.web.servlet.mvc.method.annotation.RequestMappingHandlerAdapter.handleInternal(RequestMappingHandlerAdapter.java:797)
	at org.springframework.web.servlet.mvc.method.AbstractHandlerMethodAdapter.handle(AbstractHandlerMethodAdapter.java:87)
	at org.springframework.web.servlet.DispatcherServlet.doDispatch(DispatcherServlet.java:1038)
	at org.springframework.web.servlet.DispatcherServlet.doService(DispatcherServlet.java:942)
	at org.springframework.web.servlet.FrameworkServlet.processRequest(FrameworkServlet.java:1005)
	at org.springframework.web.servlet.FrameworkServlet.doGet(FrameworkServlet.java:897)
	at javax.servlet.http.HttpServlet.service(HttpServlet.java:634)
	at org.springframework.web.servlet.FrameworkServlet.service(FrameworkServlet.java:882)
	at javax.servlet.http.HttpServlet.service(HttpServlet.java:741)
	at org.apache.catalina.core.ApplicationFilterChain.internalDoFilter(ApplicationFilterChain.java:231)
	at org.apache.catalina.core.ApplicationFilterChain.doFilter(ApplicationFilterChain.java:166)
	at org.apache.tomcat.websocket.server.WsFilter.doFilter(WsFilter.java:53)
	at org.apache.catalina.core.ApplicationFilterChain.internalDoFilter(ApplicationFilterChain.java:193)
	at org.apache.catalina.core.ApplicationFilterChain.doFilter(ApplicationFilterChain.java:166)
	at link.xuchen.testlog.filter.RequestIdFilter.doFilter(RequestIdFilter.java:38)
	at org.apache.catalina.core.ApplicationFilterChain.internalDoFilter(ApplicationFilterChain.java:193)
	at org.apache.catalina.core.ApplicationFilterChain.doFilter(ApplicationFilterChain.java:166)
	at org.springframework.web.filter.RequestContextFilter.doFilterInternal(RequestContextFilter.java:99)
	at org.springframework.web.filter.OncePerRequestFilter.doFilter(OncePerRequestFilter.java:107)
	at org.apache.catalina.core.ApplicationFilterChain.internalDoFilter(ApplicationFilterChain.java:193)
	at org.apache.catalina.core.ApplicationFilterChain.doFilter(ApplicationFilterChain.java:166)
	at org.springframework.web.filter.FormContentFilter.doFilterInternal(FormContentFilter.java:92)
	at org.springframework.web.filter.OncePerRequestFilter.doFilter(OncePerRequestFilter.java:107)
	at org.apache.catalina.core.ApplicationFilterChain.internalDoFilter(ApplicationFilterChain.java:193)
	at org.apache.catalina.core.ApplicationFilterChain.doFilter(ApplicationFilterChain.java:166)
	at org.springframework.web.filter.HiddenHttpMethodFilter.doFilterInternal(HiddenHttpMethodFilter.java:93)
	at org.springframework.web.filter.OncePerRequestFilter.doFilter(OncePerRequestFilter.java:107)
	at org.apache.catalina.core.ApplicationFilterChain.internalDoFilter(ApplicationFilterChain.java:193)
	at org.apache.catalina.core.ApplicationFilterChain.doFilter(ApplicationFilterChain.java:166)
	at org.springframework.web.filter.CharacterEncodingFilter.doFilterInternal(CharacterEncodingFilter.java:200)
	at org.springframework.web.filter.OncePerRequestFilter.doFilter(OncePerRequestFilter.java:107)
	at org.apache.catalina.core.ApplicationFilterChain.internalDoFilter(ApplicationFilterChain.java:193)
	at org.apache.catalina.core.ApplicationFilterChain.doFilter(ApplicationFilterChain.java:166)
	at org.apache.catalina.core.StandardWrapperValve.invoke(StandardWrapperValve.java:200)
	at org.apache.catalina.core.StandardContextValve.invoke(StandardContextValve.java:96)
	at org.apache.catalina.authenticator.AuthenticatorBase.invoke(AuthenticatorBase.java:490)
	at org.apache.catalina.core.StandardHostValve.invoke(StandardHostValve.java:139)
	at org.apache.catalina.valves.ErrorReportValve.invoke(ErrorReportValve.java:92)
	at org.apache.catalina.core.StandardEngineValve.invoke(StandardEngineValve.java:74)
	at org.apache.catalina.connector.CoyoteAdapter.service(CoyoteAdapter.java:343)
	at org.apache.coyote.http11.Http11Processor.service(Http11Processor.java:408)
	at org.apache.coyote.AbstractProcessorLight.process(AbstractProcessorLight.java:66)
	at org.apache.coyote.AbstractProtocol$ConnectionHandler.process(AbstractProtocol.java:834)
	at org.apache.tomcat.util.net.NioEndpoint$SocketProcessor.doRun(NioEndpoint.java:1415)
	at org.apache.tomcat.util.net.SocketProcessorBase.run(SocketProcessorBase.java:49)
	at java.util.concurrent.ThreadPoolExecutor.runWorker(ThreadPoolExecutor.java:1149)
	at java.util.concurrent.ThreadPoolExecutor$Worker.run(ThreadPoolExecutor.java:624)
	at org.apache.tomcat.util.threads.TaskThread$WrappingRunnable.run(TaskThread.java:61)
	at java.lang.Thread.run(Thread.java:748)
2019-04-10 10:32:40 [http-nio-8080-exec-10] INFO  l.xuchen.testlog.service.LogService -  info ==============================================
2019-04-10 10:32:40 [http-nio-8080-exec-10] WARN  l.xuchen.testlog.service.LogService -  warn ==============================================
2019-04-10 10:32:40 [http-nio-8080-exec-10] INFO  link.xuchen.testlog.aspect.LogAspect - 【返回参数 :link.xuchen.testlog.service.LogService.log() 】：null
2019-04-10 10:32:40 [http-nio-8080-exec-1] INFO  l.xuchen.testlog.service.LogService -  info ==============================================
2019-04-10 10:32:40 [http-nio-8080-exec-1] WARN  l.xuchen.testlog.service.LogService -  warn ==============================================
2019-04-10 10:32:52 [http-nio-8080-exec-5] INFO  l.xuchen.testlog.service.LogService -  info ==============================================
2019-04-10 10:32:52 [http-nio-8080-exec-5] WARN  l.xuchen.testlog.service.LogService -  warn ==============================================
2019-04-10 10:32:55 [http-nio-8080-exec-6] INFO  l.xuchen.testlog.service.LogService -  info ==============================================
2019-04-10 10:32:55 [http-nio-8080-exec-6] WARN  l.xuchen.testlog.service.LogService -  warn ==============================================
2019-04-10 10:33:03 [http-nio-8080-exec-7] INFO  l.xuchen.testlog.service.LogService -  info ==============================================ludan1
2019-04-10 10:33:03 [http-nio-8080-exec-7] WARN  l.xuchen.testlog.service.LogService -  warn ==============================================ludan1
2019-04-10 10:33:13 [http-nio-8080-exec-10] INFO  l.xuchen.testlog.service.LogService -  info ==============================================ludan1
2019-04-10 10:33:13 [http-nio-8080-exec-10] WARN  l.xuchen.testlog.service.LogService -  warn ==============================================ludan1
2019-04-10 10:33:17 [http-nio-8080-exec-2] INFO  l.xuchen.testlog.service.LogService -  info ==============================================
2019-04-10 10:33:17 [http-nio-8080-exec-2] WARN  l.xuchen.testlog.service.LogService -  warn ==============================================
2019-04-10 10:33:21 [http-nio-8080-exec-3] INFO  l.xuchen.testlog.service.LogService -  info ==============================================
2019-04-10 10:33:21 [http-nio-8080-exec-3] WARN  l.xuchen.testlog.service.LogService -  warn ==============================================
2019-04-10 10:33:31 [http-nio-8080-exec-5] INFO  l.xuchen.testlog.service.LogService -  info ==============================================ludan1
2019-04-10 10:33:31 [http-nio-8080-exec-5] WARN  l.xuchen.testlog.service.LogService -  warn ==============================================ludan1
2019-04-10 10:33:45 [http-nio-8080-exec-9] INFO  l.xuchen.testlog.service.LogService -  info ==============================================ludan1
2019-04-10 10:33:45 [http-nio-8080-exec-9] WARN  l.xuchen.testlog.service.LogService -  warn ==============================================ludan1
2019-04-10 10:34:10 [http-nio-8080-exec-3] INFO  l.xuchen.testlog.service.LogService -  info ==============================================ludan1
2019-04-10 10:34:10 [http-nio-8080-exec-3] WARN  l.xuchen.testlog.service.LogService -  warn ==============================================ludan1
2019-04-10 10:34:15 [http-nio-8080-exec-5] INFO  l.xuchen.testlog.service.LogService -  info ==============================================ludan1
2019-04-10 10:34:15 [http-nio-8080-exec-5] WARN  l.xuchen.testlog.service.LogService -  warn ==============================================ludan1
2019-04-10 10:34:25 [http-nio-8080-exec-7] INFO  l.xuchen.testlog.service.LogService -  info ==============================================
2019-04-10 10:34:25 [http-nio-8080-exec-7] WARN  l.xuchen.testlog.service.LogService -  warn ==============================================
2019-04-10 10:34:31 [http-nio-8080-exec-8] INFO  l.xuchen.testlog.service.LogService -  info ==============================================
2019-04-10 10:34:31 [http-nio-8080-exec-8] WARN  l.xuchen.testlog.service.LogService -  warn ==============================================
2019-04-10 10:34:33 [http-nio-8080-exec-9] INFO  l.xuchen.testlog.service.LogService -  info ==============================================
2019-04-10 10:34:33 [http-nio-8080-exec-9] WARN  l.xuchen.testlog.service.LogService -  warn ==============================================
2019-04-10 10:34:40 [http-nio-8080-exec-1] INFO  l.xuchen.testlog.service.LogService -  info ==============================================ludan1
2019-04-10 10:34:40 [http-nio-8080-exec-1] WARN  l.xuchen.testlog.service.LogService -  warn ==============================================ludan1
2019-04-10 10:38:09 [Thread-14] INFO  o.s.s.c.ThreadPoolTaskExecutor - Shutting down ExecutorService 'applicationTaskExecutor'
2019-04-10 10:38:09 [Thread-14] INFO  l.x.testlog.filter.RequestIdFilter - 执行destroy
2019-04-10 10:56:12 [restartedMain] INFO  l.xuchen.testlog.TestLogApplication - Starting TestLogApplication on Ludan-de-MacBook-Pro.local with PID 21313 (/Users/ludan/Downloads/test-log/target/classes started by ludan in /Users/ludan/Downloads/test-log)
2019-04-10 10:56:12 [restartedMain] INFO  l.xuchen.testlog.TestLogApplication - No active profile set, falling back to default profiles: default
2019-04-10 10:56:12 [restartedMain] INFO  o.s.b.d.e.DevToolsPropertyDefaultsPostProcessor - Devtools property defaults active! Set 'spring.devtools.add-properties' to 'false' to disable
2019-04-10 10:56:12 [restartedMain] INFO  o.s.b.d.e.DevToolsPropertyDefaultsPostProcessor - For additional web related logging consider setting the 'logging.level.web' property to 'DEBUG'
2019-04-10 10:56:13 [restartedMain] INFO  o.s.b.w.e.tomcat.TomcatWebServer - Tomcat initialized with port(s): 8080 (http)
2019-04-10 10:56:13 [restartedMain] INFO  o.a.catalina.core.StandardService - Starting service [Tomcat]
2019-04-10 10:56:13 [restartedMain] INFO  o.a.catalina.core.StandardEngine - Starting Servlet engine: [Apache Tomcat/9.0.17]
2019-04-10 10:56:13 [restartedMain] INFO  o.a.c.c.C.[Tomcat].[localhost].[/] - Initializing Spring embedded WebApplicationContext
2019-04-10 10:56:13 [restartedMain] INFO  o.s.web.context.ContextLoader - Root WebApplicationContext: initialization completed in 1268 ms
2019-04-10 10:56:13 [restartedMain] INFO  o.s.s.c.ThreadPoolTaskExecutor - Initializing ExecutorService 'applicationTaskExecutor'
2019-04-10 10:56:14 [restartedMain] INFO  o.s.b.d.a.OptionalLiveReloadServer - LiveReload server is running on port 35729
2019-04-10 10:56:14 [restartedMain] INFO  o.s.b.w.e.tomcat.TomcatWebServer - Tomcat started on port(s): 8080 (http) with context path ''
2019-04-10 10:56:14 [restartedMain] INFO  l.xuchen.testlog.TestLogApplication - Started TestLogApplication in 2.343 seconds (JVM running for 3.093)
2019-04-10 10:56:33 [http-nio-8080-exec-1] INFO  o.a.c.c.C.[Tomcat].[localhost].[/] - Initializing Spring DispatcherServlet 'dispatcherServlet'
2019-04-10 10:56:33 [http-nio-8080-exec-1] INFO  o.s.web.servlet.DispatcherServlet - Initializing Servlet 'dispatcherServlet'
2019-04-10 10:56:33 [http-nio-8080-exec-1] INFO  o.s.web.servlet.DispatcherServlet - Completed initialization in 6 ms
2019-04-10 10:56:33 [http-nio-8080-exec-1] INFO  l.xuchen.testlog.service.LogService -  info ==============================================ludan1
2019-04-10 10:56:33 [http-nio-8080-exec-1] WARN  l.xuchen.testlog.service.LogService -  warn ==============================================ludan1
2019-04-10 10:56:39 [http-nio-8080-exec-3] INFO  link.xuchen.testlog.aspect.LogAspect - 【请求参数 :link.xuchen.testlog.service.LogService.log2() 】：{"name":"ludan"}
2019-04-10 10:56:39 [http-nio-8080-exec-3] INFO  l.xuchen.testlog.service.LogService -  info ==============================================ludan
2019-04-10 10:56:39 [http-nio-8080-exec-3] WARN  l.xuchen.testlog.service.LogService -  warn ==============================================ludan
2019-04-10 10:56:39 [http-nio-8080-exec-3] INFO  link.xuchen.testlog.aspect.LogAspect - 【返回参数 :link.xuchen.testlog.service.LogService.log2() 】：null
2019-04-10 10:56:55 [http-nio-8080-exec-5] INFO  link.xuchen.testlog.aspect.LogAspect - 【请求参数 :link.xuchen.testlog.service.LogService.log2() 】：{"name":"ludan"}
2019-04-10 10:56:55 [http-nio-8080-exec-5] INFO  l.xuchen.testlog.service.LogService -  info ==============================================ludan
2019-04-10 10:56:55 [http-nio-8080-exec-5] WARN  l.xuchen.testlog.service.LogService -  warn ==============================================ludan
2019-04-10 10:56:55 [http-nio-8080-exec-5] INFO  link.xuchen.testlog.aspect.LogAspect - 【返回参数 :link.xuchen.testlog.service.LogService.log2() 】：null
2019-04-10 10:57:05 [http-nio-8080-exec-7] INFO  link.xuchen.testlog.aspect.LogAspect - 【请求参数 :link.xuchen.testlog.service.LogService.log2() 】：{"name":"ludan"}
2019-04-10 10:57:05 [http-nio-8080-exec-7] INFO  l.xuchen.testlog.service.LogService -  info ==============================================ludan
2019-04-10 10:57:05 [http-nio-8080-exec-7] WARN  l.xuchen.testlog.service.LogService -  warn ==============================================ludan
2019-04-10 10:57:05 [http-nio-8080-exec-7] INFO  link.xuchen.testlog.aspect.LogAspect - 【返回参数 :link.xuchen.testlog.service.LogService.log2() 】：null
2019-04-10 10:57:13 [http-nio-8080-exec-9] INFO  link.xuchen.testlog.aspect.LogAspect - 【请求参数 :link.xuchen.testlog.service.LogService.log2() 】：{"name":"ludan"}
2019-04-10 10:57:13 [http-nio-8080-exec-9] INFO  l.xuchen.testlog.service.LogService -  info ==============================================ludan
2019-04-10 10:57:13 [http-nio-8080-exec-9] WARN  l.xuchen.testlog.service.LogService -  warn ==============================================ludan
2019-04-10 10:57:13 [http-nio-8080-exec-9] INFO  link.xuchen.testlog.aspect.LogAspect - 【返回参数 :link.xuchen.testlog.service.LogService.log2() 】：null
2019-04-10 10:57:16 [http-nio-8080-exec-1] INFO  link.xuchen.testlog.aspect.LogAspect - 【请求参数 :link.xuchen.testlog.service.LogService.log2() 】：{"name":"ludan"}
2019-04-10 10:57:16 [http-nio-8080-exec-1] INFO  l.xuchen.testlog.service.LogService -  info ==============================================ludan
2019-04-10 10:57:16 [http-nio-8080-exec-1] WARN  l.xuchen.testlog.service.LogService -  warn ==============================================ludan
2019-04-10 10:57:16 [http-nio-8080-exec-1] INFO  link.xuchen.testlog.aspect.LogAspect - 【返回参数 :link.xuchen.testlog.service.LogService.log2() 】：null
2019-04-10 10:57:16 [http-nio-8080-exec-2] INFO  link.xuchen.testlog.aspect.LogAspect - 【请求参数 :link.xuchen.testlog.service.LogService.log2() 】：{"name":"ludan"}
2019-04-10 10:57:16 [http-nio-8080-exec-2] INFO  l.xuchen.testlog.service.LogService -  info ==============================================ludan
2019-04-10 10:57:16 [http-nio-8080-exec-2] WARN  l.xuchen.testlog.service.LogService -  warn ==============================================ludan
2019-04-10 10:57:16 [http-nio-8080-exec-2] INFO  link.xuchen.testlog.aspect.LogAspect - 【返回参数 :link.xuchen.testlog.service.LogService.log2() 】：null
2019-04-10 10:57:17 [http-nio-8080-exec-3] INFO  link.xuchen.testlog.aspect.LogAspect - 【请求参数 :link.xuchen.testlog.service.LogService.log2() 】：{"name":"ludan"}
2019-04-10 10:57:17 [http-nio-8080-exec-3] INFO  l.xuchen.testlog.service.LogService -  info ==============================================ludan
2019-04-10 10:57:17 [http-nio-8080-exec-3] WARN  l.xuchen.testlog.service.LogService -  warn ==============================================ludan
2019-04-10 10:57:17 [http-nio-8080-exec-3] INFO  link.xuchen.testlog.aspect.LogAspect - 【返回参数 :link.xuchen.testlog.service.LogService.log2() 】：null
2019-04-10 10:57:17 [http-nio-8080-exec-4] INFO  link.xuchen.testlog.aspect.LogAspect - 【请求参数 :link.xuchen.testlog.service.LogService.log2() 】：{"name":"ludan"}
2019-04-10 10:57:17 [http-nio-8080-exec-4] INFO  l.xuchen.testlog.service.LogService -  info ==============================================ludan
2019-04-10 10:57:17 [http-nio-8080-exec-4] WARN  l.xuchen.testlog.service.LogService -  warn ==============================================ludan
2019-04-10 10:57:17 [http-nio-8080-exec-4] INFO  link.xuchen.testlog.aspect.LogAspect - 【返回参数 :link.xuchen.testlog.service.LogService.log2() 】：null
2019-04-10 10:57:17 [http-nio-8080-exec-5] INFO  link.xuchen.testlog.aspect.LogAspect - 【请求参数 :link.xuchen.testlog.service.LogService.log2() 】：{"name":"ludan"}
2019-04-10 10:57:17 [http-nio-8080-exec-5] INFO  l.xuchen.testlog.service.LogService -  info ==============================================ludan
2019-04-10 10:57:17 [http-nio-8080-exec-5] WARN  l.xuchen.testlog.service.LogService -  warn ==============================================ludan
2019-04-10 10:57:17 [http-nio-8080-exec-5] INFO  link.xuchen.testlog.aspect.LogAspect - 【返回参数 :link.xuchen.testlog.service.LogService.log2() 】：null
2019-04-10 10:57:56 [Thread-14] INFO  o.s.s.c.ThreadPoolTaskExecutor - Shutting down ExecutorService 'applicationTaskExecutor'
2019-04-10 11:23:05 [restartedMain] INFO  l.xuchen.testlog.TestLogApplication - Starting TestLogApplication on Ludan-de-MacBook-Pro.local with PID 21343 (/Users/ludan/Downloads/test-log/target/classes started by ludan in /Users/ludan/Downloads/test-log)
2019-04-10 11:23:05 [restartedMain] INFO  l.xuchen.testlog.TestLogApplication - No active profile set, falling back to default profiles: default
2019-04-10 11:23:05 [restartedMain] INFO  o.s.b.d.e.DevToolsPropertyDefaultsPostProcessor - Devtools property defaults active! Set 'spring.devtools.add-properties' to 'false' to disable
2019-04-10 11:23:05 [restartedMain] INFO  o.s.b.d.e.DevToolsPropertyDefaultsPostProcessor - For additional web related logging consider setting the 'logging.level.web' property to 'DEBUG'
2019-04-10 11:23:06 [restartedMain] INFO  o.s.b.w.e.tomcat.TomcatWebServer - Tomcat initialized with port(s): 8080 (http)
2019-04-10 11:23:06 [restartedMain] INFO  o.a.catalina.core.StandardService - Starting service [Tomcat]
2019-04-10 11:23:06 [restartedMain] INFO  o.a.catalina.core.StandardEngine - Starting Servlet engine: [Apache Tomcat/9.0.17]
2019-04-10 11:23:06 [restartedMain] INFO  o.a.c.c.C.[Tomcat].[localhost].[/] - Initializing Spring embedded WebApplicationContext
2019-04-10 11:23:06 [restartedMain] INFO  o.s.web.context.ContextLoader - Root WebApplicationContext: initialization completed in 1416 ms
2019-04-10 11:23:06 [restartedMain] INFO  o.s.s.c.ThreadPoolTaskExecutor - Initializing ExecutorService 'applicationTaskExecutor'
2019-04-10 11:23:07 [restartedMain] INFO  o.s.b.d.a.OptionalLiveReloadServer - LiveReload server is running on port 35729
2019-04-10 11:23:07 [restartedMain] INFO  o.s.b.w.e.tomcat.TomcatWebServer - Tomcat started on port(s): 8080 (http) with context path ''
2019-04-10 11:23:07 [restartedMain] INFO  l.xuchen.testlog.TestLogApplication - Started TestLogApplication in 2.717 seconds (JVM running for 3.52)
2019-04-10 11:23:17 [http-nio-8080-exec-1] INFO  o.a.c.c.C.[Tomcat].[localhost].[/] - Initializing Spring DispatcherServlet 'dispatcherServlet'
2019-04-10 11:23:17 [http-nio-8080-exec-1] INFO  o.s.web.servlet.DispatcherServlet - Initializing Servlet 'dispatcherServlet'
2019-04-10 11:23:17 [http-nio-8080-exec-1] INFO  o.s.web.servlet.DispatcherServlet - Completed initialization in 5 ms
2019-04-10 11:23:22 [http-nio-8080-exec-1] INFO  link.xuchen.testlog.aspect.LogAspect - 【请求参数 :link.xuchen.testlog.service.LogService.log2() 】：{"name":"ludan"}
2019-04-10 11:23:22 [http-nio-8080-exec-1] INFO  l.xuchen.testlog.service.LogService -  info ==============================================ludan
2019-04-10 11:23:22 [http-nio-8080-exec-1] WARN  l.xuchen.testlog.service.LogService -  warn ==============================================ludan
2019-04-10 11:23:22 [http-nio-8080-exec-1] INFO  link.xuchen.testlog.aspect.LogAspect - 【返回参数 :link.xuchen.testlog.service.LogService.log2() 】：null
2019-04-10 11:23:25 [http-nio-8080-exec-3] INFO  l.xuchen.testlog.service.LogService -  info ==============================================
2019-04-10 11:23:25 [http-nio-8080-exec-3] WARN  l.xuchen.testlog.service.LogService -  warn ==============================================
2019-04-10 11:23:30 [Thread-14] INFO  o.s.s.c.ThreadPoolTaskExecutor - Shutting down ExecutorService 'applicationTaskExecutor'
